{"/home/faizou/dev/learn-web-development/training-apps/node-app-training/JSNAD/testing-with-jest/uppercase.js": {"path":"/home/faizou/dev/learn-web-development/training-apps/node-app-training/JSNAD/testing-with-jest/uppercase.js","statementMap":{"0":{"start":{"line":1,"column":0},"end":{"line":3,"column":2}},"1":{"start":{"line":2,"column":2},"end":{"line":2,"column":30}}},"fnMap":{"0":{"name":"(anonymous_0)","decl":{"start":{"line":1,"column":17},"end":{"line":1,"column":18}},"loc":{"start":{"line":1,"column":29},"end":{"line":3,"column":1}},"line":1}},"branchMap":{},"s":{"0":1,"1":1},"f":{"0":1},"b":{},"_coverageSchema":"1a1c01bbd47fc00a2c39e90264f33305004495a9","hash":"b31bf0bc3cdd220960443632500ea9c57a14153e"}
}
